2018-06-02 16:37:03.210 [INFO ] [org.springframework.boot.StartupInfoLogger:48] - Starting HttpClientTest on USER-20170225NV with PID 9180 (started by Administrator in E:\SportsBetWork\sport-parent\sport-datasouce)
2018-06-02 16:37:03.213 [INFO ] [org.springframework.boot.SpringApplication:593] - No active profile set, falling back to default profiles: default
2018-06-02 16:37:03.421 [WARN ] [org.mybatis.spring.mapper.ClassPathMapperScanner:166] - No MyBatis mapper was found in '[com.sport.bet.datasouce.test.base]' package. Please check your configuration.
2018-06-02 16:37:03.631 [WARN ] [org.springframework.context.support.AbstractApplicationContext:551] - Exception encountered during context initialization - cancelling refresh attempt: org.springframework.beans.factory.BeanCreationException: Error creating bean with name 'dataSource' defined in class path resource [org/springframework/boot/autoconfigure/jdbc/DataSourceConfiguration$Tomcat.class]: Bean instantiation via factory method failed; nested exception is org.springframework.beans.BeanInstantiationException: Failed to instantiate [org.apache.tomcat.jdbc.pool.DataSource]: Factory method 'dataSource' threw exception; nested exception is org.springframework.boot.autoconfigure.jdbc.DataSourceProperties$DataSourceBeanCreationException: Cannot determine embedded database driver class for database type NONE. If you want an embedded database please put a supported one on the classpath. If you have database settings to be loaded from a particular profile you may need to active it (no profiles are currently active).
2018-06-02 16:37:03.638 [ERROR] [org.springframework.boot.diagnostics.LoggingFailureAnalysisReporter:42] - 

***************************
APPLICATION FAILED TO START
***************************

Description:

Cannot determine embedded database driver class for database type NONE

Action:

If you want an embedded database please put a supported one on the classpath. If you have database settings to be loaded from a particular profile you may need to active it (no profiles are currently active).

2018-06-02 16:37:03.641 [ERROR] [org.springframework.test.context.TestContextManager:234] - Caught exception while allowing TestExecutionListener [org.springframework.test.context.support.DependencyInjectionTestExecutionListener@5669c5fb] to prepare test instance [com.sport.bet.datasouce.test.HttpClientTest@373ebf74]
java.lang.IllegalStateException: Failed to load ApplicationContext
	at org.springframework.test.context.cache.DefaultCacheAwareContextLoaderDelegate.loadContext(DefaultCacheAwareContextLoaderDelegate.java:124) ~[spring-test-4.3.12.RELEASE.jar:4.3.12.RELEASE]
	at org.springframework.test.context.support.DefaultTestContext.getApplicationContext(DefaultTestContext.java:83) ~[spring-test-4.3.12.RELEASE.jar:4.3.12.RELEASE]
	at org.springframework.test.context.support.DependencyInjectionTestExecutionListener.injectDependencies(DependencyInjectionTestExecutionListener.java:117) ~[spring-test-4.3.12.RELEASE.jar:4.3.12.RELEASE]
	at org.springframework.test.context.support.DependencyInjectionTestExecutionListener.prepareTestInstance(DependencyInjectionTestExecutionListener.java:83) ~[spring-test-4.3.12.RELEASE.jar:4.3.12.RELEASE]
	at org.springframework.test.context.TestContextManager.prepareTestInstance(TestContextManager.java:230) ~[spring-test-4.3.12.RELEASE.jar:4.3.12.RELEASE]
	at org.springframework.test.context.junit4.SpringJUnit4ClassRunner.createTest(SpringJUnit4ClassRunner.java:228) [spring-test-4.3.12.RELEASE.jar:4.3.12.RELEASE]
	at org.springframework.test.context.junit4.SpringJUnit4ClassRunner$1.runReflectiveCall(SpringJUnit4ClassRunner.java:287) [spring-test-4.3.12.RELEASE.jar:4.3.12.RELEASE]
	at org.junit.internal.runners.model.ReflectiveCallable.run(ReflectiveCallable.java:12) [junit.jar:4.12]
	at org.springframework.test.context.junit4.SpringJUnit4ClassRunner.methodBlock(SpringJUnit4ClassRunner.java:289) [spring-test-4.3.12.RELEASE.jar:4.3.12.RELEASE]
	at org.springframework.test.context.junit4.SpringJUnit4ClassRunner.runChild(SpringJUnit4ClassRunner.java:247) [spring-test-4.3.12.RELEASE.jar:4.3.12.RELEASE]
	at org.springframework.test.context.junit4.SpringJUnit4ClassRunner.runChild(SpringJUnit4ClassRunner.java:94) [spring-test-4.3.12.RELEASE.jar:4.3.12.RELEASE]
	at org.junit.runners.ParentRunner$3.run(ParentRunner.java:290) [junit.jar:4.12]
	at org.junit.runners.ParentRunner$1.schedule(ParentRunner.java:71) [junit.jar:4.12]
	at org.junit.runners.ParentRunner.runChildren(ParentRunner.java:288) [junit.jar:4.12]
	at org.junit.runners.ParentRunner.access$000(ParentRunner.java:58) [junit.jar:4.12]
	at org.junit.runners.ParentRunner$2.evaluate(ParentRunner.java:268) [junit.jar:4.12]
	at org.springframework.test.context.junit4.statements.RunBeforeTestClassCallbacks.evaluate(RunBeforeTestClassCallbacks.java:61) [spring-test-4.3.12.RELEASE.jar:4.3.12.RELEASE]
	at org.springframework.test.context.junit4.statements.RunAfterTestClassCallbacks.evaluate(RunAfterTestClassCallbacks.java:70) [spring-test-4.3.12.RELEASE.jar:4.3.12.RELEASE]
	at org.junit.runners.ParentRunner.run(ParentRunner.java:363) [junit.jar:4.12]
	at org.springframework.test.context.junit4.SpringJUnit4ClassRunner.run(SpringJUnit4ClassRunner.java:191) [spring-test-4.3.12.RELEASE.jar:4.3.12.RELEASE]
	at org.eclipse.jdt.internal.junit4.runner.JUnit4TestReference.run(JUnit4TestReference.java:86) [.cp/:na]
	at org.eclipse.jdt.internal.junit.runner.TestExecution.run(TestExecution.java:38) [.cp/:na]
	at org.eclipse.jdt.internal.junit.runner.RemoteTestRunner.runTests(RemoteTestRunner.java:459) [.cp/:na]
	at org.eclipse.jdt.internal.junit.runner.RemoteTestRunner.runTests(RemoteTestRunner.java:675) [.cp/:na]
	at org.eclipse.jdt.internal.junit.runner.RemoteTestRunner.run(RemoteTestRunner.java:382) [.cp/:na]
	at org.eclipse.jdt.internal.junit.runner.RemoteTestRunner.main(RemoteTestRunner.java:192) [.cp/:na]
Caused by: org.springframework.beans.factory.BeanCreationException: Error creating bean with name 'dataSource' defined in class path resource [org/springframework/boot/autoconfigure/jdbc/DataSourceConfiguration$Tomcat.class]: Bean instantiation via factory method failed; nested exception is org.springframework.beans.BeanInstantiationException: Failed to instantiate [org.apache.tomcat.jdbc.pool.DataSource]: Factory method 'dataSource' threw exception; nested exception is org.springframework.boot.autoconfigure.jdbc.DataSourceProperties$DataSourceBeanCreationException: Cannot determine embedded database driver class for database type NONE. If you want an embedded database please put a supported one on the classpath. If you have database settings to be loaded from a particular profile you may need to active it (no profiles are currently active).
	at org.springframework.beans.factory.support.ConstructorResolver.instantiateUsingFactoryMethod(ConstructorResolver.java:599) ~[spring-beans-4.3.12.RELEASE.jar:4.3.12.RELEASE]
	at org.springframework.beans.factory.support.AbstractAutowireCapableBeanFactory.instantiateUsingFactoryMethod(AbstractAutowireCapableBeanFactory.java:1173) ~[spring-beans-4.3.12.RELEASE.jar:4.3.12.RELEASE]
	at org.springframework.beans.factory.support.AbstractAutowireCapableBeanFactory.createBeanInstance(AbstractAutowireCapableBeanFactory.java:1067) ~[spring-beans-4.3.12.RELEASE.jar:4.3.12.RELEASE]
	at org.springframework.beans.factory.support.AbstractAutowireCapableBeanFactory.doCreateBean(AbstractAutowireCapableBeanFactory.java:513) ~[spring-beans-4.3.12.RELEASE.jar:4.3.12.RELEASE]
	at org.springframework.beans.factory.support.AbstractAutowireCapableBeanFactory.createBean(AbstractAutowireCapableBeanFactory.java:483) ~[spring-beans-4.3.12.RELEASE.jar:4.3.12.RELEASE]
	at org.springframework.beans.factory.support.AbstractBeanFactory$1.getObject(AbstractBeanFactory.java:306) ~[spring-beans-4.3.12.RELEASE.jar:4.3.12.RELEASE]
	at org.springframework.beans.factory.support.DefaultSingletonBeanRegistry.getSingleton(DefaultSingletonBeanRegistry.java:230) ~[spring-beans-4.3.12.RELEASE.jar:4.3.12.RELEASE]
	at org.springframework.beans.factory.support.AbstractBeanFactory.doGetBean(AbstractBeanFactory.java:302) ~[spring-beans-4.3.12.RELEASE.jar:4.3.12.RELEASE]
	at org.springframework.beans.factory.support.AbstractBeanFactory.getBean(AbstractBeanFactory.java:197) ~[spring-beans-4.3.12.RELEASE.jar:4.3.12.RELEASE]
	at org.springframework.beans.factory.support.DefaultListableBeanFactory.preInstantiateSingletons(DefaultListableBeanFactory.java:761) ~[spring-beans-4.3.12.RELEASE.jar:4.3.12.RELEASE]
	at org.springframework.context.support.AbstractApplicationContext.finishBeanFactoryInitialization(AbstractApplicationContext.java:867) ~[spring-context-4.3.12.RELEASE.jar:4.3.12.RELEASE]
	at org.springframework.context.support.AbstractApplicationContext.refresh(AbstractApplicationContext.java:543) ~[spring-context-4.3.12.RELEASE.jar:4.3.12.RELEASE]
	at org.springframework.boot.SpringApplication.refresh(SpringApplication.java:693) ~[spring-boot-1.5.8.RELEASE.jar:1.5.8.RELEASE]
	at org.springframework.boot.SpringApplication.refreshContext(SpringApplication.java:360) ~[spring-boot-1.5.8.RELEASE.jar:1.5.8.RELEASE]
	at org.springframework.boot.SpringApplication.run(SpringApplication.java:303) ~[spring-boot-1.5.8.RELEASE.jar:1.5.8.RELEASE]
	at org.springframework.boot.test.context.SpringBootContextLoader.loadContext(SpringBootContextLoader.java:120) ~[spring-boot-test-1.5.8.RELEASE.jar:1.5.8.RELEASE]
	at org.springframework.test.context.cache.DefaultCacheAwareContextLoaderDelegate.loadContextInternal(DefaultCacheAwareContextLoaderDelegate.java:98) ~[spring-test-4.3.12.RELEASE.jar:4.3.12.RELEASE]
	at org.springframework.test.context.cache.DefaultCacheAwareContextLoaderDelegate.loadContext(DefaultCacheAwareContextLoaderDelegate.java:116) ~[spring-test-4.3.12.RELEASE.jar:4.3.12.RELEASE]
	... 25 common frames omitted
Caused by: org.springframework.beans.BeanInstantiationException: Failed to instantiate [org.apache.tomcat.jdbc.pool.DataSource]: Factory method 'dataSource' threw exception; nested exception is org.springframework.boot.autoconfigure.jdbc.DataSourceProperties$DataSourceBeanCreationException: Cannot determine embedded database driver class for database type NONE. If you want an embedded database please put a supported one on the classpath. If you have database settings to be loaded from a particular profile you may need to active it (no profiles are currently active).
	at org.springframework.beans.factory.support.SimpleInstantiationStrategy.instantiate(SimpleInstantiationStrategy.java:189) ~[spring-beans-4.3.12.RELEASE.jar:4.3.12.RELEASE]
	at org.springframework.beans.factory.support.ConstructorResolver.instantiateUsingFactoryMethod(ConstructorResolver.java:588) ~[spring-beans-4.3.12.RELEASE.jar:4.3.12.RELEASE]
	... 42 common frames omitted
Caused by: org.springframework.boot.autoconfigure.jdbc.DataSourceProperties$DataSourceBeanCreationException: Cannot determine embedded database driver class for database type NONE. If you want an embedded database please put a supported one on the classpath. If you have database settings to be loaded from a particular profile you may need to active it (no profiles are currently active).
	at org.springframework.boot.autoconfigure.jdbc.DataSourceProperties.determineDriverClassName(DataSourceProperties.java:247) ~[spring-boot-autoconfigure-1.5.8.RELEASE.jar:1.5.8.RELEASE]
	at org.springframework.boot.autoconfigure.jdbc.DataSourceProperties.initializeDataSourceBuilder(DataSourceProperties.java:184) ~[spring-boot-autoconfigure-1.5.8.RELEASE.jar:1.5.8.RELEASE]
	at org.springframework.boot.autoconfigure.jdbc.DataSourceConfiguration.createDataSource(DataSourceConfiguration.java:42) ~[spring-boot-autoconfigure-1.5.8.RELEASE.jar:1.5.8.RELEASE]
	at org.springframework.boot.autoconfigure.jdbc.DataSourceConfiguration$Tomcat.dataSource(DataSourceConfiguration.java:56) ~[spring-boot-autoconfigure-1.5.8.RELEASE.jar:1.5.8.RELEASE]
	at sun.reflect.NativeMethodAccessorImpl.invoke0(Native Method) ~[na:1.8.0_151]
	at sun.reflect.NativeMethodAccessorImpl.invoke(NativeMethodAccessorImpl.java:62) ~[na:1.8.0_151]
	at sun.reflect.DelegatingMethodAccessorImpl.invoke(DelegatingMethodAccessorImpl.java:43) ~[na:1.8.0_151]
	at java.lang.reflect.Method.invoke(Method.java:498) ~[na:1.8.0_151]
	at org.springframework.beans.factory.support.SimpleInstantiationStrategy.instantiate(SimpleInstantiationStrategy.java:162) ~[spring-beans-4.3.12.RELEASE.jar:4.3.12.RELEASE]
	... 43 common frames omitted
2018-06-02 16:38:52.151 [INFO ] [org.springframework.boot.StartupInfoLogger:48] - Starting HttpClientTest on USER-20170225NV with PID 4792 (started by Administrator in E:\SportsBetWork\sport-parent\sport-datasouce)
2018-06-02 16:38:52.153 [INFO ] [org.springframework.boot.SpringApplication:593] - No active profile set, falling back to default profiles: default
2018-06-02 16:38:52.858 [INFO ] [org.springframework.boot.StartupInfoLogger:57] - Started HttpClientTest in 0.85 seconds (JVM running for 1.265)
2018-06-02 16:45:21.191 [INFO ] [org.springframework.boot.StartupInfoLogger:48] - Starting HttpClientTest on USER-20170225NV with PID 2564 (started by Administrator in E:\SportsBetWork\sport-parent\sport-datasouce)
2018-06-02 16:45:21.193 [INFO ] [org.springframework.boot.SpringApplication:593] - No active profile set, falling back to default profiles: default
2018-06-02 16:45:21.892 [INFO ] [org.springframework.boot.StartupInfoLogger:57] - Started HttpClientTest in 0.834 seconds (JVM running for 1.253)
2018-06-02 16:47:49.490 [INFO ] [org.springframework.boot.StartupInfoLogger:48] - Starting HttpClientTest on USER-20170225NV with PID 8420 (started by Administrator in E:\SportsBetWork\sport-parent\sport-datasouce)
2018-06-02 16:47:49.492 [INFO ] [org.springframework.boot.SpringApplication:593] - No active profile set, falling back to default profiles: default
2018-06-02 16:47:50.213 [INFO ] [org.springframework.boot.StartupInfoLogger:57] - Started HttpClientTest in 0.857 seconds (JVM running for 1.273)
2018-06-02 16:48:41.387 [INFO ] [org.springframework.boot.StartupInfoLogger:48] - Starting HttpClientTest on USER-20170225NV with PID 5568 (started by Administrator in E:\SportsBetWork\sport-parent\sport-datasouce)
2018-06-02 16:48:41.389 [INFO ] [org.springframework.boot.SpringApplication:593] - No active profile set, falling back to default profiles: default
2018-06-02 16:48:42.109 [INFO ] [org.springframework.boot.StartupInfoLogger:57] - Started HttpClientTest in 0.856 seconds (JVM running for 1.265)
2018-06-02 16:48:53.845 [INFO ] [org.springframework.boot.StartupInfoLogger:48] - Starting HttpClientTest on USER-20170225NV with PID 7204 (started by Administrator in E:\SportsBetWork\sport-parent\sport-datasouce)
2018-06-02 16:48:53.847 [INFO ] [org.springframework.boot.SpringApplication:593] - No active profile set, falling back to default profiles: default
2018-06-02 16:48:54.566 [INFO ] [org.springframework.boot.StartupInfoLogger:57] - Started HttpClientTest in 0.86 seconds (JVM running for 1.264)
2018-06-02 16:49:33.815 [INFO ] [org.springframework.boot.StartupInfoLogger:48] - Starting HttpClientTest on USER-20170225NV with PID 6580 (started by Administrator in E:\SportsBetWork\sport-parent\sport-datasouce)
2018-06-02 16:49:33.817 [INFO ] [org.springframework.boot.SpringApplication:593] - No active profile set, falling back to default profiles: default
2018-06-02 16:49:34.557 [INFO ] [org.springframework.boot.StartupInfoLogger:57] - Started HttpClientTest in 0.884 seconds (JVM running for 1.299)
2018-06-02 16:50:29.037 [INFO ] [org.springframework.boot.StartupInfoLogger:48] - Starting HttpClientTest on USER-20170225NV with PID 7272 (started by Administrator in E:\SportsBetWork\sport-parent\sport-datasouce)
2018-06-02 16:50:29.039 [INFO ] [org.springframework.boot.SpringApplication:593] - No active profile set, falling back to default profiles: default
2018-06-02 16:50:29.740 [INFO ] [org.springframework.boot.StartupInfoLogger:57] - Started HttpClientTest in 0.857 seconds (JVM running for 1.277)
2018-06-02 16:50:54.382 [INFO ] [org.springframework.boot.StartupInfoLogger:48] - Starting HttpClientTest on USER-20170225NV with PID 8632 (started by Administrator in E:\SportsBetWork\sport-parent\sport-datasouce)
2018-06-02 16:50:54.384 [INFO ] [org.springframework.boot.SpringApplication:593] - No active profile set, falling back to default profiles: default
2018-06-02 16:50:55.106 [INFO ] [org.springframework.boot.StartupInfoLogger:57] - Started HttpClientTest in 0.859 seconds (JVM running for 1.297)
2018-06-02 16:51:14.632 [INFO ] [org.springframework.boot.StartupInfoLogger:48] - Starting HttpClientTest on USER-20170225NV with PID 6808 (started by Administrator in E:\SportsBetWork\sport-parent\sport-datasouce)
2018-06-02 16:51:14.634 [INFO ] [org.springframework.boot.SpringApplication:593] - No active profile set, falling back to default profiles: default
2018-06-02 16:51:15.331 [INFO ] [org.springframework.boot.StartupInfoLogger:57] - Started HttpClientTest in 0.832 seconds (JVM running for 1.269)
2018-06-02 16:51:43.295 [INFO ] [org.springframework.boot.StartupInfoLogger:48] - Starting HttpClientTest on USER-20170225NV with PID 6536 (started by Administrator in E:\SportsBetWork\sport-parent\sport-datasouce)
2018-06-02 16:51:43.298 [INFO ] [org.springframework.boot.SpringApplication:593] - No active profile set, falling back to default profiles: default
2018-06-02 16:51:43.977 [INFO ] [org.springframework.boot.StartupInfoLogger:57] - Started HttpClientTest in 0.818 seconds (JVM running for 1.228)
2018-06-02 16:52:14.213 [INFO ] [org.springframework.boot.StartupInfoLogger:48] - Starting HttpClientTest on USER-20170225NV with PID 5612 (started by Administrator in E:\SportsBetWork\sport-parent\sport-datasouce)
2018-06-02 16:52:14.216 [INFO ] [org.springframework.boot.SpringApplication:593] - No active profile set, falling back to default profiles: default
2018-06-02 16:52:14.931 [INFO ] [org.springframework.boot.StartupInfoLogger:57] - Started HttpClientTest in 0.854 seconds (JVM running for 1.274)
2018-06-02 17:10:28.231 [INFO ] [org.springframework.boot.StartupInfoLogger:48] - Starting HttpClientTest on USER-20170225NV with PID 10252 (started by Administrator in E:\SportsBetWork\sport-parent\sport-datasouce)
2018-06-02 17:10:28.238 [INFO ] [org.springframework.boot.SpringApplication:593] - No active profile set, falling back to default profiles: default
2018-06-02 17:10:29.089 [INFO ] [org.springframework.boot.StartupInfoLogger:57] - Started HttpClientTest in 1.033 seconds (JVM running for 1.78)
2018-06-02 17:11:26.380 [INFO ] [org.springframework.boot.StartupInfoLogger:48] - Starting HttpClientTest on USER-20170225NV with PID 10792 (started by Administrator in E:\SportsBetWork\sport-parent\sport-datasouce)
2018-06-02 17:11:26.382 [INFO ] [org.springframework.boot.SpringApplication:593] - No active profile set, falling back to default profiles: default
2018-06-02 17:11:27.132 [INFO ] [org.springframework.boot.StartupInfoLogger:57] - Started HttpClientTest in 0.893 seconds (JVM running for 1.317)
2018-06-02 17:11:59.751 [INFO ] [org.springframework.boot.StartupInfoLogger:48] - Starting HttpClientTest on USER-20170225NV with PID 7068 (started by Administrator in E:\SportsBetWork\sport-parent\sport-datasouce)
2018-06-02 17:11:59.753 [INFO ] [org.springframework.boot.SpringApplication:593] - No active profile set, falling back to default profiles: default
2018-06-02 17:12:00.494 [INFO ] [org.springframework.boot.StartupInfoLogger:57] - Started HttpClientTest in 0.882 seconds (JVM running for 1.31)
2018-06-02 17:12:30.858 [INFO ] [org.springframework.boot.StartupInfoLogger:48] - Starting HttpClientTest on USER-20170225NV with PID 8432 (started by Administrator in E:\SportsBetWork\sport-parent\sport-datasouce)
2018-06-02 17:12:30.860 [INFO ] [org.springframework.boot.SpringApplication:593] - No active profile set, falling back to default profiles: default
2018-06-02 17:12:31.599 [INFO ] [org.springframework.boot.StartupInfoLogger:57] - Started HttpClientTest in 0.884 seconds (JVM running for 1.335)
2018-06-02 17:15:38.941 [INFO ] [org.springframework.boot.StartupInfoLogger:48] - Starting HttpClientTest on USER-20170225NV with PID 8856 (started by Administrator in E:\SportsBetWork\sport-parent\sport-datasouce)
2018-06-02 17:15:38.943 [INFO ] [org.springframework.boot.SpringApplication:593] - No active profile set, falling back to default profiles: default
2018-06-02 17:15:39.705 [INFO ] [org.springframework.boot.StartupInfoLogger:57] - Started HttpClientTest in 0.907 seconds (JVM running for 1.348)
2018-06-02 17:17:27.908 [INFO ] [org.springframework.boot.StartupInfoLogger:48] - Starting HttpClientTest on USER-20170225NV with PID 3300 (started by Administrator in E:\SportsBetWork\sport-parent\sport-datasouce)
2018-06-02 17:17:27.910 [INFO ] [org.springframework.boot.SpringApplication:593] - No active profile set, falling back to default profiles: default
2018-06-02 17:17:28.685 [INFO ] [org.springframework.boot.StartupInfoLogger:57] - Started HttpClientTest in 0.925 seconds (JVM running for 1.376)
2018-06-02 17:17:39.510 [INFO ] [org.springframework.boot.StartupInfoLogger:48] - Starting HttpClientTest on USER-20170225NV with PID 11140 (started by Administrator in E:\SportsBetWork\sport-parent\sport-datasouce)
2018-06-02 17:17:39.512 [INFO ] [org.springframework.boot.SpringApplication:593] - No active profile set, falling back to default profiles: default
2018-06-02 17:17:40.287 [INFO ] [org.springframework.boot.StartupInfoLogger:57] - Started HttpClientTest in 0.92 seconds (JVM running for 1.364)
2018-06-02 17:29:13.980 [INFO ] [org.springframework.boot.StartupInfoLogger:48] - Starting HttpClientTest on USER-20170225NV with PID 5636 (started by Administrator in E:\SportsBetWork\sport-parent\sport-datasouce)
2018-06-02 17:29:13.997 [INFO ] [org.springframework.boot.SpringApplication:593] - No active profile set, falling back to default profiles: default
2018-06-02 17:29:15.237 [INFO ] [org.springframework.boot.StartupInfoLogger:57] - Started HttpClientTest in 1.486 seconds (JVM running for 2.698)
2018-06-02 17:37:04.972 [INFO ] [org.springframework.boot.StartupInfoLogger:48] - Starting HttpClientTest on USER-20170225NV with PID 6188 (started by Administrator in E:\SportsBetWork\sport-parent\sport-datasouce)
2018-06-02 17:37:04.974 [INFO ] [org.springframework.boot.SpringApplication:593] - No active profile set, falling back to default profiles: default
2018-06-02 17:37:05.670 [INFO ] [org.springframework.boot.StartupInfoLogger:57] - Started HttpClientTest in 0.838 seconds (JVM running for 1.261)
2018-06-02 17:37:48.365 [INFO ] [org.springframework.boot.StartupInfoLogger:48] - Starting HttpClientTest on USER-20170225NV with PID 4160 (started by Administrator in E:\SportsBetWork\sport-parent\sport-datasouce)
2018-06-02 17:37:48.367 [INFO ] [org.springframework.boot.SpringApplication:593] - No active profile set, falling back to default profiles: default
2018-06-02 17:37:49.064 [INFO ] [org.springframework.boot.StartupInfoLogger:57] - Started HttpClientTest in 0.835 seconds (JVM running for 1.3)
2018-06-02 17:39:25.646 [INFO ] [org.springframework.boot.StartupInfoLogger:48] - Starting HttpClientTest on USER-20170225NV with PID 6596 (started by Administrator in E:\SportsBetWork\sport-parent\sport-datasouce)
2018-06-02 17:39:25.648 [INFO ] [org.springframework.boot.SpringApplication:593] - No active profile set, falling back to default profiles: default
2018-06-02 17:39:26.357 [INFO ] [org.springframework.boot.StartupInfoLogger:57] - Started HttpClientTest in 0.846 seconds (JVM running for 1.267)
2018-06-02 17:44:02.900 [INFO ] [org.springframework.boot.StartupInfoLogger:48] - Starting HttpClientTest on USER-20170225NV with PID 3512 (started by Administrator in E:\SportsBetWork\sport-parent\sport-datasouce)
2018-06-02 17:44:02.902 [INFO ] [org.springframework.boot.SpringApplication:593] - No active profile set, falling back to default profiles: default
2018-06-02 17:44:03.576 [INFO ] [org.springframework.boot.StartupInfoLogger:57] - Started HttpClientTest in 0.813 seconds (JVM running for 1.226)
2018-06-02 17:44:28.579 [INFO ] [org.springframework.boot.StartupInfoLogger:48] - Starting HttpClientTest on USER-20170225NV with PID 2000 (started by Administrator in E:\SportsBetWork\sport-parent\sport-datasouce)
2018-06-02 17:44:28.582 [INFO ] [org.springframework.boot.SpringApplication:593] - No active profile set, falling back to default profiles: default
2018-06-02 17:44:29.268 [INFO ] [org.springframework.boot.StartupInfoLogger:57] - Started HttpClientTest in 0.831 seconds (JVM running for 1.243)
2018-06-02 17:53:55.495 [INFO ] [org.springframework.boot.StartupInfoLogger:48] - Starting HttpClientTest on USER-20170225NV with PID 8020 (started by Administrator in E:\SportsBetWork\sport-parent\sport-datasouce)
2018-06-02 17:53:55.497 [INFO ] [org.springframework.boot.SpringApplication:593] - No active profile set, falling back to default profiles: default
2018-06-02 17:53:56.238 [INFO ] [org.springframework.boot.StartupInfoLogger:57] - Started HttpClientTest in 0.882 seconds (JVM running for 1.341)
2018-06-02 18:02:48.867 [INFO ] [org.springframework.boot.StartupInfoLogger:48] - Starting HttpClientTest on USER-20170225NV with PID 6440 (started by Administrator in E:\SportsBetWork\sport-parent\sport-datasouce)
2018-06-02 18:02:48.870 [INFO ] [org.springframework.boot.SpringApplication:593] - No active profile set, falling back to default profiles: default
2018-06-02 18:02:49.624 [INFO ] [org.springframework.boot.StartupInfoLogger:57] - Started HttpClientTest in 0.909 seconds (JVM running for 1.353)
2018-06-02 18:07:11.309 [INFO ] [org.springframework.boot.StartupInfoLogger:48] - Starting HttpClientTest on USER-20170225NV with PID 7872 (started by Administrator in E:\SportsBetWork\sport-parent\sport-datasouce)
2018-06-02 18:07:11.311 [INFO ] [org.springframework.boot.SpringApplication:593] - No active profile set, falling back to default profiles: default
2018-06-02 18:07:12.058 [INFO ] [org.springframework.boot.StartupInfoLogger:57] - Started HttpClientTest in 0.888 seconds (JVM running for 1.328)
2018-06-02 18:09:41.289 [INFO ] [org.springframework.boot.StartupInfoLogger:48] - Starting HttpClientTest on USER-20170225NV with PID 8916 (started by Administrator in E:\SportsBetWork\sport-parent\sport-datasouce)
2018-06-02 18:09:41.291 [INFO ] [org.springframework.boot.SpringApplication:593] - No active profile set, falling back to default profiles: default
2018-06-02 18:09:41.995 [INFO ] [org.springframework.boot.StartupInfoLogger:57] - Started HttpClientTest in 0.852 seconds (JVM running for 1.272)
2018-06-02 18:10:01.896 [INFO ] [org.springframework.boot.StartupInfoLogger:48] - Starting HttpClientTest on USER-20170225NV with PID 3852 (started by Administrator in E:\SportsBetWork\sport-parent\sport-datasouce)
2018-06-02 18:10:01.898 [INFO ] [org.springframework.boot.SpringApplication:593] - No active profile set, falling back to default profiles: default
2018-06-02 18:10:02.620 [INFO ] [org.springframework.boot.StartupInfoLogger:57] - Started HttpClientTest in 0.864 seconds (JVM running for 1.297)
2018-06-02 18:10:15.477 [INFO ] [org.springframework.boot.StartupInfoLogger:48] - Starting HttpClientTest on USER-20170225NV with PID 5092 (started by Administrator in E:\SportsBetWork\sport-parent\sport-datasouce)
2018-06-02 18:10:15.479 [INFO ] [org.springframework.boot.SpringApplication:593] - No active profile set, falling back to default profiles: default
2018-06-02 18:10:16.197 [INFO ] [org.springframework.boot.StartupInfoLogger:57] - Started HttpClientTest in 0.858 seconds (JVM running for 1.291)
2018-06-02 18:10:55.624 [INFO ] [org.springframework.boot.StartupInfoLogger:48] - Starting HttpClientTest on USER-20170225NV with PID 8504 (started by Administrator in E:\SportsBetWork\sport-parent\sport-datasouce)
2018-06-02 18:10:55.626 [INFO ] [org.springframework.boot.SpringApplication:593] - No active profile set, falling back to default profiles: default
2018-06-02 18:10:56.365 [INFO ] [org.springframework.boot.StartupInfoLogger:57] - Started HttpClientTest in 0.885 seconds (JVM running for 1.307)
2018-06-02 18:27:47.222 [INFO ] [org.springframework.boot.StartupInfoLogger:48] - Starting HttpClientTest on USER-20170225NV with PID 8268 (started by Administrator in E:\SportsBetWork\sport-parent\sport-datasouce)
2018-06-02 18:27:47.224 [INFO ] [org.springframework.boot.SpringApplication:593] - No active profile set, falling back to default profiles: default
2018-06-02 18:27:47.944 [INFO ] [org.springframework.boot.StartupInfoLogger:57] - Started HttpClientTest in 0.865 seconds (JVM running for 1.285)
2018-06-02 18:28:24.548 [INFO ] [org.springframework.boot.StartupInfoLogger:48] - Starting HttpClientTest on USER-20170225NV with PID 6440 (started by Administrator in E:\SportsBetWork\sport-parent\sport-datasouce)
2018-06-02 18:28:24.550 [INFO ] [org.springframework.boot.SpringApplication:593] - No active profile set, falling back to default profiles: default
2018-06-02 18:28:25.272 [INFO ] [org.springframework.boot.StartupInfoLogger:57] - Started HttpClientTest in 0.867 seconds (JVM running for 1.288)
2018-06-02 18:28:40.397 [INFO ] [org.springframework.boot.StartupInfoLogger:48] - Starting HttpClientTest on USER-20170225NV with PID 3924 (started by Administrator in E:\SportsBetWork\sport-parent\sport-datasouce)
2018-06-02 18:28:40.399 [INFO ] [org.springframework.boot.SpringApplication:593] - No active profile set, falling back to default profiles: default
2018-06-02 18:28:41.102 [INFO ] [org.springframework.boot.StartupInfoLogger:57] - Started HttpClientTest in 0.846 seconds (JVM running for 1.259)
2018-06-02 18:35:14.100 [INFO ] [org.springframework.boot.StartupInfoLogger:48] - Starting HttpClientTest on USER-20170225NV with PID 7236 (started by Administrator in E:\SportsBetWork\sport-parent\sport-datasouce)
2018-06-02 18:35:14.103 [INFO ] [org.springframework.boot.SpringApplication:593] - No active profile set, falling back to default profiles: default
2018-06-02 18:35:14.849 [INFO ] [org.springframework.boot.StartupInfoLogger:57] - Started HttpClientTest in 0.929 seconds (JVM running for 1.362)
2018-06-03 03:07:31.024 [INFO ] [org.springframework.boot.StartupInfoLogger:48] - Starting HttpClientTest on USER-20170225NV with PID 3940 (started by Administrator in E:\SportsBetWork\sport-parent\sport-datasouce)
2018-06-03 03:07:31.031 [INFO ] [org.springframework.boot.SpringApplication:593] - No active profile set, falling back to default profiles: default
2018-06-03 03:07:32.238 [INFO ] [org.springframework.boot.StartupInfoLogger:57] - Started HttpClientTest in 1.441 seconds (JVM running for 2.356)
2018-06-03 03:16:36.153 [INFO ] [org.springframework.boot.StartupInfoLogger:48] - Starting GrapMenuTest on USER-20170225NV with PID 2608 (started by Administrator in E:\SportsBetWork\sport-parent\sport-datasouce)
2018-06-03 03:16:36.156 [INFO ] [org.springframework.boot.SpringApplication:593] - No active profile set, falling back to default profiles: default
2018-06-03 03:16:36.909 [INFO ] [org.springframework.boot.StartupInfoLogger:57] - Started GrapMenuTest in 0.9 seconds (JVM running for 1.355)
2018-06-03 03:17:51.257 [INFO ] [org.springframework.boot.StartupInfoLogger:48] - Starting GrapMenuTest on USER-20170225NV with PID 9692 (started by Administrator in E:\SportsBetWork\sport-parent\sport-datasouce)
2018-06-03 03:17:51.260 [INFO ] [org.springframework.boot.SpringApplication:593] - No active profile set, falling back to default profiles: default
2018-06-03 03:17:52.013 [INFO ] [org.springframework.boot.StartupInfoLogger:57] - Started GrapMenuTest in 0.903 seconds (JVM running for 1.367)
2018-06-03 03:20:14.653 [INFO ] [org.springframework.boot.StartupInfoLogger:48] - Starting GrapMenuTest on USER-20170225NV with PID 12724 (started by Administrator in E:\SportsBetWork\sport-parent\sport-datasouce)
2018-06-03 03:20:14.656 [INFO ] [org.springframework.boot.SpringApplication:593] - No active profile set, falling back to default profiles: default
2018-06-03 03:20:15.386 [INFO ] [org.springframework.boot.StartupInfoLogger:57] - Started GrapMenuTest in 0.874 seconds (JVM running for 1.34)
2018-06-03 03:35:38.918 [INFO ] [org.springframework.boot.StartupInfoLogger:48] - Starting GrapMenuTest on USER-20170225NV with PID 3520 (started by Administrator in E:\SportsBetWork\sport-parent\sport-datasouce)
2018-06-03 03:35:38.920 [INFO ] [org.springframework.boot.SpringApplication:593] - No active profile set, falling back to default profiles: default
2018-06-03 03:35:39.668 [INFO ] [org.springframework.boot.StartupInfoLogger:57] - Started GrapMenuTest in 0.902 seconds (JVM running for 1.348)
2018-06-03 04:39:27.020 [INFO ] [org.springframework.boot.StartupInfoLogger:48] - Starting GrapMenuTest on USER-20170225NV with PID 8928 (started by Administrator in E:\SportsBetWork\sport-parent\sport-datasouce)
2018-06-03 04:39:27.025 [INFO ] [org.springframework.boot.SpringApplication:593] - No active profile set, falling back to default profiles: default
2018-06-03 04:39:27.851 [INFO ] [org.springframework.boot.StartupInfoLogger:57] - Started GrapMenuTest in 0.982 seconds (JVM running for 1.441)
2018-06-03 04:40:37.188 [INFO ] [org.springframework.boot.StartupInfoLogger:48] - Starting GrapMenuTest on USER-20170225NV with PID 6620 (started by Administrator in E:\SportsBetWork\sport-parent\sport-datasouce)
2018-06-03 04:40:37.191 [INFO ] [org.springframework.boot.SpringApplication:593] - No active profile set, falling back to default profiles: default
2018-06-03 04:40:38.038 [INFO ] [org.springframework.boot.StartupInfoLogger:57] - Started GrapMenuTest in 1.002 seconds (JVM running for 1.509)
2018-06-03 04:40:40.144 [INFO ] [org.springframework.jdbc.support.SQLErrorCodesFactory:127] - SQLErrorCodes loaded: [DB2, Derby, H2, HSQL, Informix, MS-SQL, MySQL, Oracle, PostgreSQL, Sybase, Hana]
2018-06-03 04:47:00.172 [INFO ] [org.springframework.boot.StartupInfoLogger:48] - Starting GrapMenuTest on USER-20170225NV with PID 4604 (started by Administrator in E:\SportsBetWork\sport-parent\sport-datasouce)
2018-06-03 04:47:00.176 [INFO ] [org.springframework.boot.SpringApplication:593] - No active profile set, falling back to default profiles: default
2018-06-03 04:47:00.997 [INFO ] [org.springframework.boot.StartupInfoLogger:57] - Started GrapMenuTest in 0.971 seconds (JVM running for 1.427)
2018-06-03 04:47:04.072 [INFO ] [org.springframework.jdbc.support.SQLErrorCodesFactory:127] - SQLErrorCodes loaded: [DB2, Derby, H2, HSQL, Informix, MS-SQL, MySQL, Oracle, PostgreSQL, Sybase, Hana]
2018-06-03 04:51:37.800 [INFO ] [org.springframework.boot.StartupInfoLogger:48] - Starting GrapMenuTest on USER-20170225NV with PID 3360 (started by Administrator in E:\SportsBetWork\sport-parent\sport-datasouce)
2018-06-03 04:51:37.803 [INFO ] [org.springframework.boot.SpringApplication:593] - No active profile set, falling back to default profiles: default
2018-06-03 04:51:38.683 [INFO ] [org.springframework.boot.StartupInfoLogger:57] - Started GrapMenuTest in 1.059 seconds (JVM running for 1.57)
2018-06-03 04:55:36.572 [INFO ] [org.springframework.boot.StartupInfoLogger:48] - Starting GrapMenuTest on USER-20170225NV with PID 8928 (started by Administrator in E:\SportsBetWork\sport-parent\sport-datasouce)
2018-06-03 04:55:36.574 [INFO ] [org.springframework.boot.SpringApplication:593] - No active profile set, falling back to default profiles: default
2018-06-03 04:55:37.394 [INFO ] [org.springframework.boot.StartupInfoLogger:57] - Started GrapMenuTest in 0.974 seconds (JVM running for 1.42)
2018-06-03 04:55:39.455 [INFO ] [org.springframework.jdbc.support.SQLErrorCodesFactory:127] - SQLErrorCodes loaded: [DB2, Derby, H2, HSQL, Informix, MS-SQL, MySQL, Oracle, PostgreSQL, Sybase, Hana]
2018-06-03 04:56:08.486 [INFO ] [org.springframework.boot.StartupInfoLogger:48] - Starting GrapMenuTest on USER-20170225NV with PID 11248 (started by Administrator in E:\SportsBetWork\sport-parent\sport-datasouce)
2018-06-03 04:56:08.490 [INFO ] [org.springframework.boot.SpringApplication:593] - No active profile set, falling back to default profiles: default
2018-06-03 04:56:09.305 [INFO ] [org.springframework.boot.StartupInfoLogger:57] - Started GrapMenuTest in 0.976 seconds (JVM running for 1.466)
2018-06-03 04:56:43.007 [INFO ] [org.springframework.boot.StartupInfoLogger:48] - Starting GrapMenuTest on USER-20170225NV with PID 6820 (started by Administrator in E:\SportsBetWork\sport-parent\sport-datasouce)
2018-06-03 04:56:43.009 [INFO ] [org.springframework.boot.SpringApplication:593] - No active profile set, falling back to default profiles: default
2018-06-03 04:56:43.806 [INFO ] [org.springframework.boot.StartupInfoLogger:57] - Started GrapMenuTest in 0.952 seconds (JVM running for 1.407)
2018-06-03 05:00:52.497 [INFO ] [org.springframework.boot.StartupInfoLogger:48] - Starting GrapMenuTest on USER-20170225NV with PID 11312 (started by Administrator in E:\SportsBetWork\sport-parent\sport-datasouce)
2018-06-03 05:00:52.499 [INFO ] [org.springframework.boot.SpringApplication:593] - No active profile set, falling back to default profiles: default
2018-06-03 05:00:53.299 [INFO ] [org.springframework.boot.StartupInfoLogger:57] - Started GrapMenuTest in 0.949 seconds (JVM running for 1.411)
2018-06-03 05:01:09.782 [INFO ] [org.springframework.boot.StartupInfoLogger:48] - Starting GrapMenuTest on USER-20170225NV with PID 1064 (started by Administrator in E:\SportsBetWork\sport-parent\sport-datasouce)
2018-06-03 05:01:09.785 [INFO ] [org.springframework.boot.SpringApplication:593] - No active profile set, falling back to default profiles: default
2018-06-03 05:01:10.628 [INFO ] [org.springframework.boot.StartupInfoLogger:57] - Started GrapMenuTest in 0.996 seconds (JVM running for 1.479)
2018-06-03 05:05:17.450 [INFO ] [org.springframework.boot.StartupInfoLogger:48] - Starting GrapMenuTest on USER-20170225NV with PID 12484 (started by Administrator in E:\SportsBetWork\sport-parent\sport-datasouce)
2018-06-03 05:05:17.452 [INFO ] [org.springframework.boot.SpringApplication:593] - No active profile set, falling back to default profiles: default
2018-06-03 05:05:18.360 [INFO ] [org.springframework.boot.StartupInfoLogger:57] - Started GrapMenuTest in 1.071 seconds (JVM running for 1.539)
2018-06-03 05:06:32.235 [INFO ] [org.springframework.boot.StartupInfoLogger:48] - Starting GrapMenuTest on USER-20170225NV with PID 5080 (started by Administrator in E:\SportsBetWork\sport-parent\sport-datasouce)
2018-06-03 05:06:32.239 [INFO ] [org.springframework.boot.SpringApplication:593] - No active profile set, falling back to default profiles: default
2018-06-03 05:06:33.042 [INFO ] [org.springframework.boot.StartupInfoLogger:57] - Started GrapMenuTest in 0.96 seconds (JVM running for 1.428)
2018-06-03 05:06:35.109 [INFO ] [org.springframework.jdbc.support.SQLErrorCodesFactory:127] - SQLErrorCodes loaded: [DB2, Derby, H2, HSQL, Informix, MS-SQL, MySQL, Oracle, PostgreSQL, Sybase, Hana]
2018-06-03 05:06:42.551 [INFO ] [org.springframework.boot.StartupInfoLogger:48] - Starting GrapMenuTest on USER-20170225NV with PID 12312 (started by Administrator in E:\SportsBetWork\sport-parent\sport-datasouce)
2018-06-03 05:06:42.554 [INFO ] [org.springframework.boot.SpringApplication:593] - No active profile set, falling back to default profiles: default
2018-06-03 05:06:43.381 [INFO ] [org.springframework.boot.StartupInfoLogger:57] - Started GrapMenuTest in 0.982 seconds (JVM running for 1.446)
2018-06-03 05:20:45.787 [INFO ] [org.springframework.boot.StartupInfoLogger:48] - Starting GrapMenuTest on USER-20170225NV with PID 12396 (started by Administrator in E:\SportsBetWork\sport-parent\sport-datasouce)
2018-06-03 05:20:45.790 [INFO ] [org.springframework.boot.SpringApplication:593] - No active profile set, falling back to default profiles: default
2018-06-03 05:20:46.594 [INFO ] [org.springframework.boot.StartupInfoLogger:57] - Started GrapMenuTest in 0.975 seconds (JVM running for 1.444)
2018-06-03 05:24:11.772 [INFO ] [org.springframework.boot.StartupInfoLogger:48] - Starting GrapMenuTest on USER-20170225NV with PID 13204 (started by Administrator in E:\SportsBetWork\sport-parent\sport-datasouce)
2018-06-03 05:24:11.774 [INFO ] [org.springframework.boot.SpringApplication:593] - No active profile set, falling back to default profiles: default
2018-06-03 05:24:12.556 [INFO ] [org.springframework.boot.StartupInfoLogger:57] - Started GrapMenuTest in 0.932 seconds (JVM running for 1.405)
2018-06-03 05:24:52.204 [INFO ] [org.springframework.boot.StartupInfoLogger:48] - Starting GrapMenuTest on USER-20170225NV with PID 12156 (started by Administrator in E:\SportsBetWork\sport-parent\sport-datasouce)
2018-06-03 05:24:52.207 [INFO ] [org.springframework.boot.SpringApplication:593] - No active profile set, falling back to default profiles: default
2018-06-03 05:24:53.015 [INFO ] [org.springframework.boot.StartupInfoLogger:57] - Started GrapMenuTest in 0.963 seconds (JVM running for 1.436)
2018-06-03 13:17:33.234 [INFO ] [org.springframework.boot.StartupInfoLogger:48] - Starting GrapMenuTest on USER-20170225NV with PID 5756 (started by Administrator in E:\SportsBetWork\sport-parent\sport-datasouce)
2018-06-03 13:17:33.237 [INFO ] [org.springframework.boot.SpringApplication:593] - No active profile set, falling back to default profiles: default
2018-06-03 13:17:34.013 [INFO ] [org.springframework.boot.StartupInfoLogger:57] - Started GrapMenuTest in 0.924 seconds (JVM running for 1.371)
2018-06-03 13:18:19.368 [INFO ] [org.springframework.boot.StartupInfoLogger:48] - Starting GrapMenuTest on USER-20170225NV with PID 10096 (started by Administrator in E:\SportsBetWork\sport-parent\sport-datasouce)
2018-06-03 13:18:19.370 [INFO ] [org.springframework.boot.SpringApplication:593] - No active profile set, falling back to default profiles: default
2018-06-03 13:18:20.131 [INFO ] [org.springframework.boot.StartupInfoLogger:57] - Started GrapMenuTest in 0.916 seconds (JVM running for 1.36)
2018-06-03 13:18:22.087 [INFO ] [org.springframework.jdbc.support.SQLErrorCodesFactory:127] - SQLErrorCodes loaded: [DB2, Derby, H2, HSQL, Informix, MS-SQL, MySQL, Oracle, PostgreSQL, Sybase, Hana]
2018-06-03 13:23:12.550 [INFO ] [org.springframework.boot.StartupInfoLogger:48] - Starting GrapMenuTest on USER-20170225NV with PID 3368 (started by Administrator in E:\SportsBetWork\sport-parent\sport-datasouce)
2018-06-03 13:23:12.553 [INFO ] [org.springframework.boot.SpringApplication:593] - No active profile set, falling back to default profiles: default
2018-06-03 13:23:13.314 [INFO ] [org.springframework.boot.StartupInfoLogger:57] - Started GrapMenuTest in 0.907 seconds (JVM running for 1.354)
2018-06-03 13:23:16.472 [INFO ] [org.springframework.jdbc.support.SQLErrorCodesFactory:127] - SQLErrorCodes loaded: [DB2, Derby, H2, HSQL, Informix, MS-SQL, MySQL, Oracle, PostgreSQL, Sybase, Hana]
2018-06-03 13:33:26.041 [INFO ] [org.springframework.boot.StartupInfoLogger:48] - Starting GrapMenuTest on USER-20170225NV with PID 9304 (started by Administrator in E:\SportsBetWork\sport-parent\sport-datasouce)
2018-06-03 13:33:26.044 [INFO ] [org.springframework.boot.SpringApplication:593] - No active profile set, falling back to default profiles: default
2018-06-03 13:33:26.779 [INFO ] [org.springframework.boot.StartupInfoLogger:57] - Started GrapMenuTest in 0.877 seconds (JVM running for 1.336)
2018-06-03 13:33:30.877 [INFO ] [org.springframework.jdbc.support.SQLErrorCodesFactory:127] - SQLErrorCodes loaded: [DB2, Derby, H2, HSQL, Informix, MS-SQL, MySQL, Oracle, PostgreSQL, Sybase, Hana]
2018-06-03 16:28:04.913 [INFO ] [org.springframework.boot.StartupInfoLogger:48] - Starting TaskTest on USER-20170225NV with PID 13940 (started by Administrator in E:\SportsBetWork\sport-parent\sport-datasouce)
2018-06-03 16:28:04.929 [INFO ] [org.springframework.boot.SpringApplication:593] - No active profile set, falling back to default profiles: default
2018-06-03 16:28:05.691 [INFO ] [org.springframework.boot.StartupInfoLogger:57] - Started TaskTest in 0.925 seconds (JVM running for 1.371)
2018-06-03 16:29:53.740 [INFO ] [org.springframework.boot.StartupInfoLogger:48] - Starting TaskTest on USER-20170225NV with PID 13884 (started by Administrator in E:\SportsBetWork\sport-parent\sport-datasouce)
2018-06-03 16:29:53.742 [INFO ] [org.springframework.boot.SpringApplication:593] - No active profile set, falling back to default profiles: default
2018-06-03 16:29:54.494 [INFO ] [org.springframework.boot.StartupInfoLogger:57] - Started TaskTest in 0.902 seconds (JVM running for 1.375)
2018-06-03 16:32:10.519 [INFO ] [org.springframework.boot.StartupInfoLogger:48] - Starting TaskTest on USER-20170225NV with PID 7716 (started by Administrator in E:\SportsBetWork\sport-parent\sport-datasouce)
2018-06-03 16:32:10.521 [INFO ] [org.springframework.boot.SpringApplication:593] - No active profile set, falling back to default profiles: default
2018-06-03 16:32:11.271 [INFO ] [org.springframework.boot.StartupInfoLogger:57] - Started TaskTest in 0.896 seconds (JVM running for 1.343)
2018-06-03 16:36:12.956 [INFO ] [org.springframework.boot.StartupInfoLogger:48] - Starting TaskTest on USER-20170225NV with PID 10568 (started by Administrator in E:\SportsBetWork\sport-parent\sport-datasouce)
2018-06-03 16:36:12.958 [INFO ] [org.springframework.boot.SpringApplication:593] - No active profile set, falling back to default profiles: default
2018-06-03 16:36:13.683 [INFO ] [org.springframework.boot.StartupInfoLogger:57] - Started TaskTest in 0.87 seconds (JVM running for 1.334)
2018-06-03 16:36:59.524 [INFO ] [org.springframework.boot.StartupInfoLogger:48] - Starting TaskTest on USER-20170225NV with PID 7232 (started by Administrator in E:\SportsBetWork\sport-parent\sport-datasouce)
2018-06-03 16:36:59.528 [INFO ] [org.springframework.boot.SpringApplication:593] - No active profile set, falling back to default profiles: default
2018-06-03 16:37:00.393 [INFO ] [org.springframework.boot.StartupInfoLogger:57] - Started TaskTest in 1.037 seconds (JVM running for 1.579)
2018-06-03 16:37:26.847 [INFO ] [org.springframework.boot.StartupInfoLogger:48] - Starting TaskTest on USER-20170225NV with PID 7628 (started by Administrator in E:\SportsBetWork\sport-parent\sport-datasouce)
2018-06-03 16:37:26.849 [INFO ] [org.springframework.boot.SpringApplication:593] - No active profile set, falling back to default profiles: default
2018-06-03 16:37:27.590 [INFO ] [org.springframework.boot.StartupInfoLogger:57] - Started TaskTest in 0.884 seconds (JVM running for 1.313)
2018-06-03 16:37:57.128 [INFO ] [org.springframework.boot.StartupInfoLogger:48] - Starting TaskTest on USER-20170225NV with PID 10948 (started by Administrator in E:\SportsBetWork\sport-parent\sport-datasouce)
2018-06-03 16:37:57.132 [INFO ] [org.springframework.boot.SpringApplication:593] - No active profile set, falling back to default profiles: default
2018-06-03 16:37:58.024 [INFO ] [org.springframework.boot.StartupInfoLogger:57] - Started TaskTest in 1.061 seconds (JVM running for 1.606)
2018-06-03 16:38:08.854 [INFO ] [org.springframework.boot.StartupInfoLogger:48] - Starting TaskTest on USER-20170225NV with PID 13592 (started by Administrator in E:\SportsBetWork\sport-parent\sport-datasouce)
2018-06-03 16:38:08.858 [INFO ] [org.springframework.boot.SpringApplication:593] - No active profile set, falling back to default profiles: default
2018-06-03 16:38:09.742 [INFO ] [org.springframework.boot.StartupInfoLogger:57] - Started TaskTest in 1.053 seconds (JVM running for 1.597)
2018-06-03 16:40:08.935 [INFO ] [org.springframework.boot.StartupInfoLogger:48] - Starting TaskTest on USER-20170225NV with PID 9556 (started by Administrator in E:\SportsBetWork\sport-parent\sport-datasouce)
2018-06-03 16:40:08.937 [INFO ] [org.springframework.boot.SpringApplication:593] - No active profile set, falling back to default profiles: default
2018-06-03 16:40:09.688 [INFO ] [org.springframework.boot.StartupInfoLogger:57] - Started TaskTest in 0.894 seconds (JVM running for 1.338)
2018-06-03 16:41:30.589 [INFO ] [org.springframework.boot.StartupInfoLogger:48] - Starting SportServiceImplTest on USER-20170225NV with PID 12444 (started by Administrator in E:\SportsBetWork\sport-parent\sport-datasouce)
2018-06-03 16:41:30.591 [INFO ] [org.springframework.boot.SpringApplication:593] - No active profile set, falling back to default profiles: default
2018-06-03 16:41:31.336 [INFO ] [org.springframework.boot.StartupInfoLogger:57] - Started SportServiceImplTest in 0.888 seconds (JVM running for 1.34)
2018-06-03 16:42:07.742 [INFO ] [org.springframework.boot.StartupInfoLogger:48] - Starting TaskTest on USER-20170225NV with PID 13776 (started by Administrator in E:\SportsBetWork\sport-parent\sport-datasouce)
2018-06-03 16:42:07.744 [INFO ] [org.springframework.boot.SpringApplication:593] - No active profile set, falling back to default profiles: default
2018-06-03 16:42:08.512 [INFO ] [org.springframework.boot.StartupInfoLogger:57] - Started TaskTest in 0.918 seconds (JVM running for 1.373)
2018-06-03 16:45:14.334 [INFO ] [org.springframework.boot.StartupInfoLogger:48] - Starting TaskTest on USER-20170225NV with PID 14160 (started by Administrator in E:\SportsBetWork\sport-parent\sport-datasouce)
2018-06-03 16:45:14.336 [INFO ] [org.springframework.boot.SpringApplication:593] - No active profile set, falling back to default profiles: default
2018-06-03 16:45:15.119 [INFO ] [org.springframework.boot.StartupInfoLogger:57] - Started TaskTest in 0.934 seconds (JVM running for 1.381)
2018-06-03 16:45:36.661 [INFO ] [org.springframework.boot.StartupInfoLogger:48] - Starting TaskTest on USER-20170225NV with PID 13708 (started by Administrator in E:\SportsBetWork\sport-parent\sport-datasouce)
2018-06-03 16:45:36.663 [INFO ] [org.springframework.boot.SpringApplication:593] - No active profile set, falling back to default profiles: default
2018-06-03 16:45:37.444 [INFO ] [org.springframework.boot.StartupInfoLogger:57] - Started TaskTest in 0.926 seconds (JVM running for 1.37)
2018-06-03 16:51:53.665 [INFO ] [org.springframework.boot.StartupInfoLogger:48] - Starting ParserBet365Test on USER-20170225NV with PID 3396 (started by Administrator in E:\SportsBetWork\sport-parent\sport-datasouce)
2018-06-03 16:51:53.667 [INFO ] [org.springframework.boot.SpringApplication:593] - No active profile set, falling back to default profiles: default
2018-06-03 16:51:54.415 [INFO ] [org.springframework.boot.StartupInfoLogger:57] - Started ParserBet365Test in 0.899 seconds (JVM running for 1.388)
2018-06-03 16:55:24.681 [INFO ] [org.springframework.boot.StartupInfoLogger:48] - Starting ParserBet365Test on USER-20170225NV with PID 2152 (started by Administrator in E:\SportsBetWork\sport-parent\sport-datasouce)
2018-06-03 16:55:24.684 [INFO ] [org.springframework.boot.SpringApplication:593] - No active profile set, falling back to default profiles: default
2018-06-03 16:55:25.483 [INFO ] [org.springframework.boot.StartupInfoLogger:57] - Started ParserBet365Test in 0.949 seconds (JVM running for 1.399)
2018-06-03 16:56:29.055 [INFO ] [org.springframework.boot.StartupInfoLogger:48] - Starting ParserBet365Test on USER-20170225NV with PID 13920 (started by Administrator in E:\SportsBetWork\sport-parent\sport-datasouce)
2018-06-03 16:56:29.057 [INFO ] [org.springframework.boot.SpringApplication:593] - No active profile set, falling back to default profiles: default
2018-06-03 16:56:29.812 [INFO ] [org.springframework.boot.StartupInfoLogger:57] - Started ParserBet365Test in 0.898 seconds (JVM running for 1.376)
2018-06-03 17:04:33.915 [INFO ] [org.springframework.boot.StartupInfoLogger:48] - Starting ParserBet365Test on USER-20170225NV with PID 6644 (started by Administrator in E:\SportsBetWork\sport-parent\sport-datasouce)
2018-06-03 17:04:33.917 [INFO ] [org.springframework.boot.SpringApplication:593] - No active profile set, falling back to default profiles: default
2018-06-03 17:04:34.673 [INFO ] [org.springframework.boot.StartupInfoLogger:57] - Started ParserBet365Test in 0.901 seconds (JVM running for 1.35)
2018-06-03 17:06:27.919 [INFO ] [org.springframework.boot.StartupInfoLogger:48] - Starting ParserBet365Test on USER-20170225NV with PID 13996 (started by Administrator in E:\SportsBetWork\sport-parent\sport-datasouce)
2018-06-03 17:06:27.922 [INFO ] [org.springframework.boot.SpringApplication:593] - No active profile set, falling back to default profiles: default
2018-06-03 17:06:28.694 [INFO ] [org.springframework.boot.StartupInfoLogger:57] - Started ParserBet365Test in 0.925 seconds (JVM running for 1.379)
2018-06-03 17:08:27.989 [INFO ] [org.springframework.boot.StartupInfoLogger:48] - Starting ParserBet365Test on USER-20170225NV with PID 14096 (started by Administrator in E:\SportsBetWork\sport-parent\sport-datasouce)
2018-06-03 17:08:27.992 [INFO ] [org.springframework.boot.SpringApplication:593] - No active profile set, falling back to default profiles: default
2018-06-03 17:08:28.815 [INFO ] [org.springframework.boot.StartupInfoLogger:57] - Started ParserBet365Test in 0.971 seconds (JVM running for 1.444)
2018-06-03 17:09:32.846 [INFO ] [org.springframework.boot.StartupInfoLogger:48] - Starting ParserBet365Test on USER-20170225NV with PID 3780 (started by Administrator in E:\SportsBetWork\sport-parent\sport-datasouce)
2018-06-03 17:09:32.849 [INFO ] [org.springframework.boot.SpringApplication:593] - No active profile set, falling back to default profiles: default
2018-06-03 17:09:33.619 [INFO ] [org.springframework.boot.StartupInfoLogger:57] - Started ParserBet365Test in 0.918 seconds (JVM running for 1.371)
2018-06-03 17:10:08.001 [INFO ] [org.springframework.boot.StartupInfoLogger:48] - Starting ParserBet365Test on USER-20170225NV with PID 4032 (started by Administrator in E:\SportsBetWork\sport-parent\sport-datasouce)
2018-06-03 17:10:08.004 [INFO ] [org.springframework.boot.SpringApplication:593] - No active profile set, falling back to default profiles: default
2018-06-03 17:10:08.807 [INFO ] [org.springframework.boot.StartupInfoLogger:57] - Started ParserBet365Test in 0.952 seconds (JVM running for 1.419)
2018-06-03 17:16:17.188 [INFO ] [org.springframework.boot.StartupInfoLogger:48] - Starting ParserBet365Test on USER-20170225NV with PID 10040 (started by Administrator in E:\SportsBetWork\sport-parent\sport-datasouce)
2018-06-03 17:16:17.191 [INFO ] [org.springframework.boot.SpringApplication:593] - No active profile set, falling back to default profiles: default
2018-06-03 17:16:17.978 [INFO ] [org.springframework.boot.StartupInfoLogger:57] - Started ParserBet365Test in 0.939 seconds (JVM running for 1.396)
2018-06-03 17:17:45.308 [INFO ] [org.springframework.boot.StartupInfoLogger:48] - Starting ParserBet365Test on USER-20170225NV with PID 6216 (started by Administrator in E:\SportsBetWork\sport-parent\sport-datasouce)
2018-06-03 17:17:45.311 [INFO ] [org.springframework.boot.SpringApplication:593] - No active profile set, falling back to default profiles: default
2018-06-03 17:17:46.061 [INFO ] [org.springframework.boot.StartupInfoLogger:57] - Started ParserBet365Test in 0.902 seconds (JVM running for 1.365)
2018-06-03 17:20:19.262 [INFO ] [org.springframework.boot.StartupInfoLogger:48] - Starting ParserBet365Test on USER-20170225NV with PID 5756 (started by Administrator in E:\SportsBetWork\sport-parent\sport-datasouce)
2018-06-03 17:20:19.265 [INFO ] [org.springframework.boot.SpringApplication:593] - No active profile set, falling back to default profiles: default
2018-06-03 17:20:20.032 [INFO ] [org.springframework.boot.StartupInfoLogger:57] - Started ParserBet365Test in 0.914 seconds (JVM running for 1.361)
2018-06-03 17:22:47.158 [INFO ] [org.springframework.boot.StartupInfoLogger:48] - Starting ParserBet365Test on USER-20170225NV with PID 13384 (started by Administrator in E:\SportsBetWork\sport-parent\sport-datasouce)
2018-06-03 17:22:47.161 [INFO ] [org.springframework.boot.SpringApplication:593] - No active profile set, falling back to default profiles: default
2018-06-03 17:22:47.956 [INFO ] [org.springframework.boot.StartupInfoLogger:57] - Started ParserBet365Test in 0.95 seconds (JVM running for 1.388)
2018-06-03 17:26:38.782 [INFO ] [org.springframework.boot.StartupInfoLogger:48] - Starting ParserBet365Test on USER-20170225NV with PID 14032 (started by Administrator in E:\SportsBetWork\sport-parent\sport-datasouce)
2018-06-03 17:26:38.785 [INFO ] [org.springframework.boot.SpringApplication:593] - No active profile set, falling back to default profiles: default
2018-06-03 17:26:39.598 [INFO ] [org.springframework.boot.StartupInfoLogger:57] - Started ParserBet365Test in 0.963 seconds (JVM running for 1.407)
2018-06-03 17:38:08.951 [INFO ] [org.springframework.boot.StartupInfoLogger:48] - Starting ParserBet365Test on USER-20170225NV with PID 10656 (started by Administrator in E:\SportsBetWork\sport-parent\sport-datasouce)
2018-06-03 17:38:08.953 [INFO ] [org.springframework.boot.SpringApplication:593] - No active profile set, falling back to default profiles: default
2018-06-03 17:38:09.696 [INFO ] [org.springframework.boot.StartupInfoLogger:57] - Started ParserBet365Test in 0.894 seconds (JVM running for 1.341)
2018-06-03 17:41:57.637 [INFO ] [org.springframework.boot.StartupInfoLogger:48] - Starting ParserBet365Test on USER-20170225NV with PID 7408 (started by Administrator in E:\SportsBetWork\sport-parent\sport-datasouce)
2018-06-03 17:41:57.640 [INFO ] [org.springframework.boot.SpringApplication:593] - No active profile set, falling back to default profiles: default
2018-06-03 17:41:58.385 [INFO ] [org.springframework.boot.StartupInfoLogger:57] - Started ParserBet365Test in 0.893 seconds (JVM running for 1.336)
2018-06-03 17:42:34.964 [INFO ] [org.springframework.boot.StartupInfoLogger:48] - Starting ParserBet365Test on USER-20170225NV with PID 14304 (started by Administrator in E:\SportsBetWork\sport-parent\sport-datasouce)
2018-06-03 17:42:34.967 [INFO ] [org.springframework.boot.SpringApplication:593] - No active profile set, falling back to default profiles: default
2018-06-03 17:42:35.788 [INFO ] [org.springframework.boot.StartupInfoLogger:57] - Started ParserBet365Test in 0.968 seconds (JVM running for 1.431)
2018-06-03 17:43:35.081 [INFO ] [org.springframework.boot.StartupInfoLogger:48] - Starting ParserBet365Test on USER-20170225NV with PID 3892 (started by Administrator in E:\SportsBetWork\sport-parent\sport-datasouce)
2018-06-03 17:43:35.084 [INFO ] [org.springframework.boot.SpringApplication:593] - No active profile set, falling back to default profiles: default
2018-06-03 17:43:35.891 [INFO ] [org.springframework.boot.StartupInfoLogger:57] - Started ParserBet365Test in 0.956 seconds (JVM running for 1.397)
2018-06-03 18:22:25.921 [INFO ] [org.springframework.boot.StartupInfoLogger:48] - Starting ParserBet365Test on USER-20170225NV with PID 13708 (started by Administrator in E:\SportsBetWork\sport-parent\sport-datasouce)
2018-06-03 18:22:25.923 [INFO ] [org.springframework.boot.SpringApplication:593] - No active profile set, falling back to default profiles: default
2018-06-03 18:22:26.680 [INFO ] [org.springframework.boot.StartupInfoLogger:57] - Started ParserBet365Test in 0.911 seconds (JVM running for 1.365)
2018-06-03 18:23:28.249 [INFO ] [org.springframework.boot.StartupInfoLogger:48] - Starting ParserBet365Test on USER-20170225NV with PID 12344 (started by Administrator in E:\SportsBetWork\sport-parent\sport-datasouce)
2018-06-03 18:23:28.251 [INFO ] [org.springframework.boot.SpringApplication:593] - No active profile set, falling back to default profiles: default
2018-06-03 18:23:29.033 [INFO ] [org.springframework.boot.StartupInfoLogger:57] - Started ParserBet365Test in 0.929 seconds (JVM running for 1.388)
2018-06-03 19:01:58.500 [INFO ] [org.springframework.boot.StartupInfoLogger:48] - Starting ParserBet365Test on USER-20170225NV with PID 14912 (started by Administrator in E:\SportsBetWork\sport-parent\sport-datasouce)
2018-06-03 19:01:58.502 [INFO ] [org.springframework.boot.SpringApplication:593] - No active profile set, falling back to default profiles: default
2018-06-03 19:01:59.284 [INFO ] [org.springframework.boot.StartupInfoLogger:57] - Started ParserBet365Test in 0.925 seconds (JVM running for 1.373)
2018-06-03 19:15:04.451 [INFO ] [org.springframework.boot.StartupInfoLogger:48] - Starting ParserBet365Test on USER-20170225NV with PID 15332 (started by Administrator in E:\SportsBetWork\sport-parent\sport-datasouce)
2018-06-03 19:15:04.453 [INFO ] [org.springframework.boot.SpringApplication:593] - No active profile set, falling back to default profiles: default
2018-06-03 19:15:05.260 [INFO ] [org.springframework.boot.StartupInfoLogger:57] - Started ParserBet365Test in 0.959 seconds (JVM running for 1.405)
2018-06-03 23:43:24.249 [INFO ] [org.springframework.boot.StartupInfoLogger:48] - Starting ParserBet365Test on USER-20170225NV with PID 3040 (started by Administrator in E:\github\sportsbet\sport-parent\sport-datasouce)
2018-06-03 23:43:24.257 [INFO ] [org.springframework.boot.SpringApplication:593] - No active profile set, falling back to default profiles: default
2018-06-03 23:43:25.914 [INFO ] [org.springframework.boot.StartupInfoLogger:57] - Started ParserBet365Test in 2.061 seconds (JVM running for 3.412)
2018-06-03 23:44:40.676 [INFO ] [org.springframework.boot.StartupInfoLogger:48] - Starting ParserBet365Test on USER-20170225NV with PID 5060 (started by Administrator in E:\github\sportsbet\sport-parent\sport-datasouce)
2018-06-03 23:44:40.679 [INFO ] [org.springframework.boot.SpringApplication:593] - No active profile set, falling back to default profiles: default
2018-06-03 23:44:41.477 [INFO ] [org.springframework.boot.StartupInfoLogger:57] - Started ParserBet365Test in 0.959 seconds (JVM running for 1.41)
2018-06-03 23:49:02.954 [INFO ] [org.springframework.boot.StartupInfoLogger:48] - Starting ParserBet365Test on USER-20170225NV with PID 14552 (started by Administrator in E:\github\sportsbet\sport-parent\sport-datasouce)
2018-06-03 23:49:02.956 [INFO ] [org.springframework.boot.SpringApplication:593] - No active profile set, falling back to default profiles: default
2018-06-03 23:49:03.750 [INFO ] [org.springframework.boot.StartupInfoLogger:57] - Started ParserBet365Test in 0.957 seconds (JVM running for 1.432)
2018-06-03 23:49:46.705 [INFO ] [org.springframework.boot.StartupInfoLogger:48] - Starting ParserBet365Test on USER-20170225NV with PID 9776 (started by Administrator in E:\github\sportsbet\sport-parent\sport-datasouce)
2018-06-03 23:49:46.708 [INFO ] [org.springframework.boot.SpringApplication:593] - No active profile set, falling back to default profiles: default
2018-06-03 23:49:47.515 [INFO ] [org.springframework.boot.StartupInfoLogger:57] - Started ParserBet365Test in 0.967 seconds (JVM running for 1.434)
2018-06-03 23:50:23.992 [INFO ] [org.springframework.boot.StartupInfoLogger:48] - Starting ParserBet365Test on USER-20170225NV with PID 7704 (started by Administrator in E:\github\sportsbet\sport-parent\sport-datasouce)
2018-06-03 23:50:23.996 [INFO ] [org.springframework.boot.SpringApplication:593] - No active profile set, falling back to default profiles: default
2018-06-03 23:50:24.758 [INFO ] [org.springframework.boot.StartupInfoLogger:57] - Started ParserBet365Test in 0.914 seconds (JVM running for 1.377)
2018-06-03 23:50:56.940 [INFO ] [org.springframework.boot.StartupInfoLogger:48] - Starting ParserBet365Test on USER-20170225NV with PID 15384 (started by Administrator in E:\github\sportsbet\sport-parent\sport-datasouce)
2018-06-03 23:50:56.943 [INFO ] [org.springframework.boot.SpringApplication:593] - No active profile set, falling back to default profiles: default
2018-06-03 23:50:57.730 [INFO ] [org.springframework.boot.StartupInfoLogger:57] - Started ParserBet365Test in 0.947 seconds (JVM running for 1.436)
2018-06-03 23:52:31.268 [INFO ] [org.springframework.boot.StartupInfoLogger:48] - Starting ParserBet365Test on USER-20170225NV with PID 3348 (started by Administrator in E:\github\sportsbet\sport-parent\sport-datasouce)
2018-06-03 23:52:31.271 [INFO ] [org.springframework.boot.SpringApplication:593] - No active profile set, falling back to default profiles: default
2018-06-03 23:52:32.073 [INFO ] [org.springframework.boot.StartupInfoLogger:57] - Started ParserBet365Test in 0.949 seconds (JVM running for 1.394)
2018-06-03 23:52:59.044 [INFO ] [org.springframework.boot.StartupInfoLogger:48] - Starting ParserBet365Test on USER-20170225NV with PID 13784 (started by Administrator in E:\github\sportsbet\sport-parent\sport-datasouce)
2018-06-03 23:52:59.046 [INFO ] [org.springframework.boot.SpringApplication:593] - No active profile set, falling back to default profiles: default
2018-06-03 23:52:59.886 [INFO ] [org.springframework.boot.StartupInfoLogger:57] - Started ParserBet365Test in 0.988 seconds (JVM running for 1.46)
2018-06-04 00:25:53.841 [INFO ] [org.springframework.boot.StartupInfoLogger:48] - Starting ParserBet365Test on USER-20170225NV with PID 1144 (started by Administrator in E:\github\sportsbet\sport-parent\sport-datasouce)
2018-06-04 00:25:53.843 [INFO ] [org.springframework.boot.SpringApplication:593] - No active profile set, falling back to default profiles: default
2018-06-04 00:25:54.724 [INFO ] [org.springframework.boot.StartupInfoLogger:57] - Started ParserBet365Test in 1.038 seconds (JVM running for 1.512)
2018-06-04 00:26:43.040 [INFO ] [org.springframework.boot.StartupInfoLogger:48] - Starting ParserBet365Test on USER-20170225NV with PID 16236 (started by Administrator in E:\github\sportsbet\sport-parent\sport-datasouce)
2018-06-04 00:26:43.043 [INFO ] [org.springframework.boot.SpringApplication:593] - No active profile set, falling back to default profiles: default
2018-06-04 00:26:43.857 [INFO ] [org.springframework.boot.StartupInfoLogger:57] - Started ParserBet365Test in 0.963 seconds (JVM running for 1.432)
2018-06-04 00:27:26.618 [INFO ] [org.springframework.boot.StartupInfoLogger:48] - Starting ParserBet365Test on USER-20170225NV with PID 16044 (started by Administrator in E:\github\sportsbet\sport-parent\sport-datasouce)
2018-06-04 00:27:26.620 [INFO ] [org.springframework.boot.SpringApplication:593] - No active profile set, falling back to default profiles: default
2018-06-04 00:27:27.494 [INFO ] [org.springframework.boot.StartupInfoLogger:57] - Started ParserBet365Test in 1.035 seconds (JVM running for 1.492)
2018-06-04 00:38:56.749 [INFO ] [org.springframework.boot.StartupInfoLogger:48] - Starting ParserBet365Test on USER-20170225NV with PID 10972 (started by Administrator in E:\github\sportsbet\sport-parent\sport-datasouce)
2018-06-04 00:38:56.760 [INFO ] [org.springframework.boot.SpringApplication:593] - No active profile set, falling back to default profiles: default
2018-06-04 00:38:57.620 [INFO ] [org.springframework.boot.StartupInfoLogger:57] - Started ParserBet365Test in 1.023 seconds (JVM running for 1.496)
2018-06-04 01:00:07.759 [INFO ] [org.springframework.boot.StartupInfoLogger:48] - Starting ParserBet365Test on USER-20170225NV with PID 2420 (started by Administrator in E:\github\sportsbet\sport-parent\sport-datasouce)
2018-06-04 01:00:07.761 [INFO ] [org.springframework.boot.SpringApplication:593] - No active profile set, falling back to default profiles: default
2018-06-04 01:00:08.629 [INFO ] [org.springframework.boot.StartupInfoLogger:57] - Started ParserBet365Test in 1.02 seconds (JVM running for 1.48)
2018-06-04 01:01:04.712 [INFO ] [org.springframework.boot.StartupInfoLogger:48] - Starting ParserBet365Test on USER-20170225NV with PID 15968 (started by Administrator in E:\github\sportsbet\sport-parent\sport-datasouce)
2018-06-04 01:01:04.714 [INFO ] [org.springframework.boot.SpringApplication:593] - No active profile set, falling back to default profiles: default
2018-06-04 01:01:05.533 [INFO ] [org.springframework.boot.StartupInfoLogger:57] - Started ParserBet365Test in 0.974 seconds (JVM running for 1.454)
