2018-06-02 03:20:03.566 [INFO ] [org.springframework.boot.StartupInfoLogger:48] - Starting Application on USER-20170225NV with PID 7992 (E:\SportsBetWork\sport-parent\sport-web\target\classes started by Administrator in E:\SportsBetWork\sport-parent\sport-web)
2018-06-02 03:20:03.566 [INFO ] [org.springframework.boot.SpringApplication:661] - No active profile set, falling back to default profiles: default
2018-06-02 03:20:04.527 [INFO ] [org.springframework.boot.context.embedded.EmbeddedWebApplicationContext:276] - Root WebApplicationContext: initialization completed in 925 ms
2018-06-02 03:20:04.799 [INFO ] [org.springframework.web.servlet.mvc.method.annotation.RequestMappingHandlerAdapter:534] - Looking for @ControllerAdvice: org.springframework.boot.context.embedded.AnnotationConfigEmbeddedWebApplicationContext@4f83df68: startup date [Sat Jun 02 03:20:03 CST 2018]; root of context hierarchy
2018-06-02 03:20:04.841 [INFO ] [org.springframework.web.servlet.handler.AbstractHandlerMethodMapping$MappingRegistry:543] - Mapped "{[/]}" onto java.lang.String com.sport.bet.web.controller.BaseController.home()
2018-06-02 03:20:04.843 [INFO ] [org.springframework.web.servlet.handler.AbstractHandlerMethodMapping$MappingRegistry:543] - Mapped "{[/error]}" onto public org.springframework.http.ResponseEntity<java.util.Map<java.lang.String, java.lang.Object>> org.springframework.boot.autoconfigure.web.BasicErrorController.error(javax.servlet.http.HttpServletRequest)
2018-06-02 03:20:04.843 [INFO ] [org.springframework.web.servlet.handler.AbstractHandlerMethodMapping$MappingRegistry:543] - Mapped "{[/error],produces=[text/html]}" onto public org.springframework.web.servlet.ModelAndView org.springframework.boot.autoconfigure.web.BasicErrorController.errorHtml(javax.servlet.http.HttpServletRequest,javax.servlet.http.HttpServletResponse)
2018-06-02 03:20:04.862 [INFO ] [org.springframework.web.servlet.handler.AbstractUrlHandlerMapping:354] - Mapped URL path [/webjars/**] onto handler of type [class org.springframework.web.servlet.resource.ResourceHttpRequestHandler]
2018-06-02 03:20:04.862 [INFO ] [org.springframework.web.servlet.handler.AbstractUrlHandlerMapping:354] - Mapped URL path [/resources/**] onto handler of type [class org.springframework.web.servlet.resource.ResourceHttpRequestHandler]
2018-06-02 03:20:05.015 [INFO ] [org.springframework.boot.StartupInfoLogger:57] - Started Application in 1.702 seconds (JVM running for 1.985)
2018-06-02 03:20:20.249 [INFO ] [org.springframework.boot.StartupInfoLogger:48] - Starting Application on USER-20170225NV with PID 7484 (E:\SportsBetWork\sport-parent\sport-web\target\classes started by Administrator in E:\SportsBetWork\sport-parent\sport-web)
2018-06-02 03:20:20.250 [INFO ] [org.springframework.boot.SpringApplication:661] - No active profile set, falling back to default profiles: default
2018-06-02 03:20:21.158 [INFO ] [org.springframework.boot.context.embedded.EmbeddedWebApplicationContext:276] - Root WebApplicationContext: initialization completed in 873 ms
2018-06-02 03:20:21.412 [INFO ] [org.springframework.web.servlet.mvc.method.annotation.RequestMappingHandlerAdapter:534] - Looking for @ControllerAdvice: org.springframework.boot.context.embedded.AnnotationConfigEmbeddedWebApplicationContext@4f83df68: startup date [Sat Jun 02 03:20:20 CST 2018]; root of context hierarchy
2018-06-02 03:20:21.452 [INFO ] [org.springframework.web.servlet.handler.AbstractHandlerMethodMapping$MappingRegistry:543] - Mapped "{[/]}" onto java.lang.String com.sport.bet.web.controller.BaseController.home()
2018-06-02 03:20:21.453 [INFO ] [org.springframework.web.servlet.handler.AbstractHandlerMethodMapping$MappingRegistry:543] - Mapped "{[/error]}" onto public org.springframework.http.ResponseEntity<java.util.Map<java.lang.String, java.lang.Object>> org.springframework.boot.autoconfigure.web.BasicErrorController.error(javax.servlet.http.HttpServletRequest)
2018-06-02 03:20:21.454 [INFO ] [org.springframework.web.servlet.handler.AbstractHandlerMethodMapping$MappingRegistry:543] - Mapped "{[/error],produces=[text/html]}" onto public org.springframework.web.servlet.ModelAndView org.springframework.boot.autoconfigure.web.BasicErrorController.errorHtml(javax.servlet.http.HttpServletRequest,javax.servlet.http.HttpServletResponse)
2018-06-02 03:20:21.471 [INFO ] [org.springframework.web.servlet.handler.AbstractUrlHandlerMapping:354] - Mapped URL path [/webjars/**] onto handler of type [class org.springframework.web.servlet.resource.ResourceHttpRequestHandler]
2018-06-02 03:20:21.471 [INFO ] [org.springframework.web.servlet.handler.AbstractUrlHandlerMapping:354] - Mapped URL path [/resources/**] onto handler of type [class org.springframework.web.servlet.resource.ResourceHttpRequestHandler]
2018-06-02 03:20:21.631 [INFO ] [org.springframework.boot.StartupInfoLogger:57] - Started Application in 1.627 seconds (JVM running for 1.896)
